<html>
<head>
<title>TestNG:  SampleTest</title>
<link href="../testng.css" rel="stylesheet" type="text/css" />
<link href="../my-testng.css" rel="stylesheet" type="text/css" />

<style type="text/css">
.log { display: none;} 
.stack-trace { display: none;} 
</style>
<script type="text/javascript">
<!--
function flip(e) {
  current = e.style.display;
  if (current == 'block') {
    e.style.display = 'none';
    return 0;
  }
  else {
    e.style.display = 'block';
    return 1;
  }
}

function toggleBox(szDivId, elem, msg1, msg2)
{
  var res = -1;  if (document.getElementById) {
    res = flip(document.getElementById(szDivId));
  }
  else if (document.all) {
    // this is the way old msie versions work
    res = flip(document.all[szDivId]);
  }
  if(elem) {
    if(res == 0) elem.innerHTML = msg1; else elem.innerHTML = msg2;
  }

}

function toggleAllBoxes() {
  if (document.getElementsByTagName) {
    d = document.getElementsByTagName('div');
    for (i = 0; i < d.length; i++) {
      if (d[i].className == 'log') {
        flip(d[i]);
      }
    }
  }
}

// -->
</script>

</head>
<body>
<h2 align='center'>SampleTest</h2><table border='1' align="center">
<tr>
<td>Tests passed/Failed/Skipped:</td><td>1/0/0</td>
</tr><tr>
<td>Started on:</td><td>Tue Oct 10 14:55:54 GMT+05:30 2023</td>
</tr>
<tr><td>Total time:</td><td>8 seconds (8262 ms)</td>
</tr><tr>
<td>Included groups:</td><td></td>
</tr><tr>
<td>Excluded groups:</td><td></td>
</tr>
</table><p/>
<small><i>(Hover the method name to see the test class name)</i></small><p/>
<table width='100%' border='1' class='invocation-failed'>
<tr><td colspan='4' align='center'><b>FAILED TESTS</b></td></tr>
<tr><td><b>Test method</b></td>
<td width="30%"><b>Exception</b></td>
<td width="10%"><b>Time (seconds)</b></td>
<td><b>Instance</b></td>
</tr>
<tr>
<td title='org.atmecs.web_automation_adactin.testscript.AdactinHotelTestScript.performActions()'><b>performActions</b><br>Test class: org.atmecs.web_automation_adactin.testscript.AdactinHotelTestScript<br>Parameters: Sydney, Hotel Creek, Standard, 5 - Five, 09/10/2023, 09/10/2023, 1 - One, 1 - One, John, Smith, United States, 1234123412341234, American Express, January, 2023, 234.0<br/>
<a href="#Output-1658911125" onClick='toggleBox("Output-1658911125", this, "Show output", "Hide output");'>Show output</a>

<a href="#Output-1658911125" onClick="toggleAllBoxes();">Show all outputs</a>
<div class='log' id="Output-1658911125">
Verify Title<br/>
PASS : The HomePage Title :-: ACTUAL : Adactin Launches The Adactin Hotel App!    EXPECTED :Adactin Launches The Adactin Hotel App!<br/>
Enter Username<br/>
Enter Password<br/>
click on Login<br/>
select location<br/>
select Hotels<br/>
select RoomType<br/>
</div>
</td>
<td><div><pre>org.openqa.selenium.NoSuchElementException: Cannot locate element with text: Standard
For documentation on this error, please visit: http://seleniumhq.org/exceptions/no_such_element.html
Build info: version: &apos;3.12.0&apos;, revision: &apos;7c6e0b3&apos;, time: &apos;2018-05-08T14:04:26.12Z&apos;
System info: host: &apos;ATMECSBLRLT-082&apos;, ip: &apos;50.50.20.176&apos;, os.name: &apos;Windows 10&apos;, os.arch: &apos;amd64&apos;, os.version: &apos;10.0&apos;, java.version: &apos;17.0.7&apos;
Driver info: driver.version: unknown
	at org.openqa.selenium.support.ui.Select.selectByVisibleText(Select.java:151)
	at org.atmecs.web_automation_adactin.reusableFiles.ReusableFiles.selectDropDownByVisibleText(ReusableFiles.java:66)
	at org.atmecs.web_automation_adactin.pages.WelcomePage.selectRoomType(WelcomePage.java:66)
	at org.atmecs.web_automation_adactin.testscript.AdactinHotelTestScript.performActions(AdactinHotelTestScript.java:93)
	at org.atmecs.web_automation_adactin.runner.TestNGRunner.main(TestNGRunner.java:59)
	at org.codehaus.mojo.exec.ExecJavaMojo$1.run(ExecJavaMojo.java:294)
	at java.base/java.lang.Thread.run(Thread.java:833)
... Removed 26 stack frames</pre></div><a href='#' onClick='toggleBox("stack-trace1658911125", this, "Click to show all stack frames", "Click to hide stack frames")'>Click to show all stack frames</a>
<div class='stack-trace' id='stack-trace1658911125'><pre>org.openqa.selenium.NoSuchElementException: Cannot locate element with text: Standard
For documentation on this error, please visit: http://seleniumhq.org/exceptions/no_such_element.html
Build info: version: &apos;3.12.0&apos;, revision: &apos;7c6e0b3&apos;, time: &apos;2018-05-08T14:04:26.12Z&apos;
System info: host: &apos;ATMECSBLRLT-082&apos;, ip: &apos;50.50.20.176&apos;, os.name: &apos;Windows 10&apos;, os.arch: &apos;amd64&apos;, os.version: &apos;10.0&apos;, java.version: &apos;17.0.7&apos;
Driver info: driver.version: unknown
	at org.openqa.selenium.support.ui.Select.selectByVisibleText(Select.java:151)
	at org.atmecs.web_automation_adactin.reusableFiles.ReusableFiles.selectDropDownByVisibleText(ReusableFiles.java:66)
	at org.atmecs.web_automation_adactin.pages.WelcomePage.selectRoomType(WelcomePage.java:66)
	at org.atmecs.web_automation_adactin.testscript.AdactinHotelTestScript.performActions(AdactinHotelTestScript.java:93)
	at java.base/jdk.internal.reflect.NativeMethodAccessorImpl.invoke0(Native Method)
	at java.base/jdk.internal.reflect.NativeMethodAccessorImpl.invoke(NativeMethodAccessorImpl.java:77)
	at java.base/jdk.internal.reflect.DelegatingMethodAccessorImpl.invoke(DelegatingMethodAccessorImpl.java:43)
	at java.base/java.lang.reflect.Method.invoke(Method.java:568)
	at org.testng.internal.MethodInvocationHelper.invokeMethod(MethodInvocationHelper.java:124)
	at org.testng.internal.Invoker.invokeMethod(Invoker.java:583)
	at org.testng.internal.Invoker.invokeTestMethod(Invoker.java:719)
	at org.testng.internal.Invoker.invokeTestMethods(Invoker.java:989)
	at org.testng.internal.TestMethodWorker.invokeTestMethods(TestMethodWorker.java:125)
	at org.testng.internal.TestMethodWorker.run(TestMethodWorker.java:109)
	at org.testng.TestRunner.privateRun(TestRunner.java:648)
	at org.testng.TestRunner.run(TestRunner.java:505)
	at org.testng.SuiteRunner.runTest(SuiteRunner.java:455)
	at org.testng.SuiteRunner.runSequentially(SuiteRunner.java:450)
	at org.testng.SuiteRunner.privateRun(SuiteRunner.java:415)
	at org.testng.SuiteRunner.run(SuiteRunner.java:364)
	at org.testng.SuiteRunnerWorker.runSuite(SuiteRunnerWorker.java:52)
	at org.testng.SuiteRunnerWorker.run(SuiteRunnerWorker.java:84)
	at org.testng.TestNG.runSuitesSequentially(TestNG.java:1208)
	at org.testng.TestNG.runSuitesLocally(TestNG.java:1137)
	at org.testng.TestNG.runSuites(TestNG.java:1049)
	at org.testng.TestNG.run(TestNG.java:1017)
	at org.atmecs.web_automation_adactin.runner.TestNGRunner.main(TestNGRunner.java:59)
	at java.base/jdk.internal.reflect.NativeMethodAccessorImpl.invoke0(Native Method)
	at java.base/jdk.internal.reflect.NativeMethodAccessorImpl.invoke(NativeMethodAccessorImpl.java:77)
	at java.base/jdk.internal.reflect.DelegatingMethodAccessorImpl.invoke(DelegatingMethodAccessorImpl.java:43)
	at java.base/java.lang.reflect.Method.invoke(Method.java:568)
	at org.codehaus.mojo.exec.ExecJavaMojo$1.run(ExecJavaMojo.java:294)
	at java.base/java.lang.Thread.run(Thread.java:833)
</pre></div></td>
<td>2</td>
<td>org.atmecs.web_automation_adactin.testscript.AdactinHotelTestScript@58efaf11</td></tr>
<tr>
<td title='org.atmecs.web_automation_adactin.testscript.AdactinHotelTestScript.performActions()'><b>performActions</b><br>Test class: org.atmecs.web_automation_adactin.testscript.AdactinHotelTestScript</td>
<td><div><pre>java.util.MissingResourceException: Can&apos;t find resource for bundle java.util.PropertyResourceBundle, key capture.screenshot
	at java.base/java.util.ResourceBundle.getObject(ResourceBundle.java:564)
	at java.base/java.util.ResourceBundle.getString(ResourceBundle.java:521)
	at com.atmecs.falcon.automation.util.parser.PropertyParser.readEnvOrConfigProperty(PropertyParser.java:34)
	at com.atmecs.falcon.automation.ui.selenium.CustomListener.onTestFailure(CustomListener.java:221)
	at org.atmecs.web_automation_adactin.runner.TestNGRunner.main(TestNGRunner.java:59)
	at org.codehaus.mojo.exec.ExecJavaMojo$1.run(ExecJavaMojo.java:294)
	at java.base/java.lang.Thread.run(Thread.java:833)
... Removed 23 stack frames</pre></div><a href='#' onClick='toggleBox("stack-trace208463611", this, "Click to show all stack frames", "Click to hide stack frames")'>Click to show all stack frames</a>
<div class='stack-trace' id='stack-trace208463611'><pre>java.util.MissingResourceException: Can&apos;t find resource for bundle java.util.PropertyResourceBundle, key capture.screenshot
	at java.base/java.util.ResourceBundle.getObject(ResourceBundle.java:564)
	at java.base/java.util.ResourceBundle.getString(ResourceBundle.java:521)
	at com.atmecs.falcon.automation.util.parser.PropertyParser.readEnvOrConfigProperty(PropertyParser.java:34)
	at com.atmecs.falcon.automation.ui.selenium.CustomListener.onTestFailure(CustomListener.java:221)
	at org.testng.internal.TestListenerHelper.runTestListeners(TestListenerHelper.java:67)
	at org.testng.internal.Invoker.runTestListeners(Invoker.java:1389)
	at org.testng.internal.Invoker.invokeMethod(Invoker.java:636)
	at org.testng.internal.Invoker.invokeTestMethod(Invoker.java:719)
	at org.testng.internal.Invoker.invokeTestMethods(Invoker.java:989)
	at org.testng.internal.TestMethodWorker.invokeTestMethods(TestMethodWorker.java:125)
	at org.testng.internal.TestMethodWorker.run(TestMethodWorker.java:109)
	at org.testng.TestRunner.privateRun(TestRunner.java:648)
	at org.testng.TestRunner.run(TestRunner.java:505)
	at org.testng.SuiteRunner.runTest(SuiteRunner.java:455)
	at org.testng.SuiteRunner.runSequentially(SuiteRunner.java:450)
	at org.testng.SuiteRunner.privateRun(SuiteRunner.java:415)
	at org.testng.SuiteRunner.run(SuiteRunner.java:364)
	at org.testng.SuiteRunnerWorker.runSuite(SuiteRunnerWorker.java:52)
	at org.testng.SuiteRunnerWorker.run(SuiteRunnerWorker.java:84)
	at org.testng.TestNG.runSuitesSequentially(TestNG.java:1208)
	at org.testng.TestNG.runSuitesLocally(TestNG.java:1137)
	at org.testng.TestNG.runSuites(TestNG.java:1049)
	at org.testng.TestNG.run(TestNG.java:1017)
	at org.atmecs.web_automation_adactin.runner.TestNGRunner.main(TestNGRunner.java:59)
	at java.base/jdk.internal.reflect.NativeMethodAccessorImpl.invoke0(Native Method)
	at java.base/jdk.internal.reflect.NativeMethodAccessorImpl.invoke(NativeMethodAccessorImpl.java:77)
	at java.base/jdk.internal.reflect.DelegatingMethodAccessorImpl.invoke(DelegatingMethodAccessorImpl.java:43)
	at java.base/java.lang.reflect.Method.invoke(Method.java:568)
	at org.codehaus.mojo.exec.ExecJavaMojo$1.run(ExecJavaMojo.java:294)
	at java.base/java.lang.Thread.run(Thread.java:833)
</pre></div></td>
<td>2</td>
<td>org.atmecs.web_automation_adactin.testscript.AdactinHotelTestScript@58efaf11</td></tr>
</table><p>
<table width='100%' border='1' class='invocation-passed'>
<tr><td colspan='4' align='center'><b>PASSED TESTS</b></td></tr>
<tr><td><b>Test method</b></td>
<td width="30%"><b>Exception</b></td>
<td width="10%"><b>Time (seconds)</b></td>
<td><b>Instance</b></td>
</tr>
<tr>
<td title='org.atmecs.web_automation_adactin.testscript.AdactinHotelTestScript.launchApp()'><b>launchApp</b><br>Test class: org.atmecs.web_automation_adactin.testscript.AdactinHotelTestScript<br>Parameters: WIN, 7, chrome, 53<br/>
<a href="#Output-230573788" onClick='toggleBox("Output-230573788", this, "Show output", "Hide output");'>Show output</a>

<a href="#Output-230573788" onClick="toggleAllBoxes();">Show all outputs</a>
<div class='log' id="Output-230573788">
Opening browser: chrome<br/>
Maximizing browser window<br/>
</div>
</td>
<td></td>
<td>5</td>
<td>org.atmecs.web_automation_adactin.testscript.AdactinHotelTestScript@58efaf11</td></tr>
</table><p>
</body>
</html>