<?xml version="1.0" encoding="UTF-8"?>
<!-- Generated by org.testng.reporters.JUnitXMLReporter -->
<testsuite ignored="0" hostname="ATMECSBLRLT-082" failures="2" tests="3" name="SampleTest" time="8.262" errors="0" timestamp="10 Oct 2023 09:26:02 GMT">
  <testcase classname="org.atmecs.web_automation_adactin.testscript.AdactinHotelTestScript" name="launchApp" time="5.577"/>
  <testcase classname="org.atmecs.web_automation_adactin.testscript.AdactinHotelTestScript" name="performActions" time="2.028">
    <failure type="org.openqa.selenium.NoSuchElementException" message="Cannot locate element with text: Standard
For documentation on this error, please visit: http://seleniumhq.org/exceptions/no_such_element.html
Build info: version: &amp;apos;3.12.0&amp;apos;, revision: &amp;apos;7c6e0b3&amp;apos;, time: &amp;apos;2018-05-08T14:04:26.12Z&amp;apos;
System info: host: &amp;apos;ATMECSBLRLT-082&amp;apos;, ip: &amp;apos;50.50.20.176&amp;apos;, os.name: &amp;apos;Windows 10&amp;apos;, os.arch: &amp;apos;amd64&amp;apos;, os.version: &amp;apos;10.0&amp;apos;, java.version: &amp;apos;17.0.7&amp;apos;
Driver info: driver.version: unknown">
      <![CDATA[org.openqa.selenium.NoSuchElementException: Cannot locate element with text: Standard
For documentation on this error, please visit: http://seleniumhq.org/exceptions/no_such_element.html
Build info: version: '3.12.0', revision: '7c6e0b3', time: '2018-05-08T14:04:26.12Z'
System info: host: 'ATMECSBLRLT-082', ip: '50.50.20.176', os.name: 'Windows 10', os.arch: 'amd64', os.version: '10.0', java.version: '17.0.7'
Driver info: driver.version: unknown
at org.openqa.selenium.support.ui.Select.selectByVisibleText(Select.java:151)
at org.atmecs.web_automation_adactin.reusableFiles.ReusableFiles.selectDropDownByVisibleText(ReusableFiles.java:66)
at org.atmecs.web_automation_adactin.pages.WelcomePage.selectRoomType(WelcomePage.java:66)
at org.atmecs.web_automation_adactin.testscript.AdactinHotelTestScript.performActions(AdactinHotelTestScript.java:93)
at org.atmecs.web_automation_adactin.runner.TestNGRunner.main(TestNGRunner.java:59)
at org.codehaus.mojo.exec.ExecJavaMojo$1.run(ExecJavaMojo.java:294)
at java.base/java.lang.Thread.run(Thread.java:833)
... Removed 26 stack frames]]>
    </failure>
  </testcase> <!-- performActions -->
  <testcase classname="org.atmecs.web_automation_adactin.testscript.AdactinHotelTestScript" name="performActions" time="2.671">
    <failure type="java.util.MissingResourceException" message="Can&amp;apos;t find resource for bundle java.util.PropertyResourceBundle, key capture.screenshot">
      <![CDATA[java.util.MissingResourceException: Can't find resource for bundle java.util.PropertyResourceBundle, key capture.screenshot
at java.base/java.util.ResourceBundle.getObject(ResourceBundle.java:564)
at java.base/java.util.ResourceBundle.getString(ResourceBundle.java:521)
at com.atmecs.falcon.automation.util.parser.PropertyParser.readEnvOrConfigProperty(PropertyParser.java:34)
at com.atmecs.falcon.automation.ui.selenium.CustomListener.onTestFailure(CustomListener.java:221)
at org.atmecs.web_automation_adactin.runner.TestNGRunner.main(TestNGRunner.java:59)
at org.codehaus.mojo.exec.ExecJavaMojo$1.run(ExecJavaMojo.java:294)
at java.base/java.lang.Thread.run(Thread.java:833)
... Removed 23 stack frames]]>
    </failure>
  </testcase> <!-- performActions -->
</testsuite> <!-- SampleTest -->
